  functions_and_methods.cpp
  main.cpp
C:\Users\max\source\repos\space_invaders\space_invaders\main.cpp(21,15): warning C4244: "argument": konwersja z "time_t" do "unsigned int", możliwa utrata danych
  timer.cpp
main.obj : error LNK2001: nierozpoznany symbol zewnętrzny "void __cdecl display_lose_screen(class sf::RenderWindow &,class sf::Font)" (?display_lose_screen@@YAXAEAVRenderWindow@sf@@VFont@2@@Z)
main.obj : error LNK2001: nierozpoznany symbol zewnętrzny "public: void __cdecl Manager::checkEnemyCollisions(void)" (?checkEnemyCollisions@Manager@@QEAAXXZ)
main.obj : error LNK2001: nierozpoznany symbol zewnętrzny "public: void __cdecl Manager::checkPlayerCollisions(void)" (?checkPlayerCollisions@Manager@@QEAAXXZ)
main.obj : error LNK2001: nierozpoznany symbol zewnętrzny "public: void __cdecl Manager::enemyProjectilesManager(class sf::RenderWindow &)" (?enemyProjectilesManager@Manager@@QEAAXAEAVRenderWindow@sf@@@Z)
main.obj : error LNK2001: nierozpoznany symbol zewnętrzny "public: void __cdecl Manager::playerProjectilesManager(class sf::RenderWindow &)" (?playerProjectilesManager@Manager@@QEAAXAEAVRenderWindow@sf@@@Z)
main.obj : error LNK2001: nierozpoznany symbol zewnętrzny "public: void __cdecl Manager::showEnemies(class sf::RenderWindow &)" (?showEnemies@Manager@@QEAAXAEAVRenderWindow@sf@@@Z)
main.obj : error LNK2001: nierozpoznany symbol zewnętrzny "public: void __cdecl Manager::isGameOver(void)" (?isGameOver@Manager@@QEAAXXZ)
main.obj : error LNK2001: nierozpoznany symbol zewnętrzny "public: void __cdecl Manager::manageEnemies(void)" (?manageEnemies@Manager@@QEAAXXZ)
main.obj : error LNK2001: nierozpoznany symbol zewnętrzny "public: void __cdecl Manager::fill_enemies(void)" (?fill_enemies@Manager@@QEAAXXZ)
main.obj : error LNK2001: nierozpoznany symbol zewnętrzny "public: void __cdecl Manager::enemyMoveManager(void)" (?enemyMoveManager@Manager@@QEAAXXZ)
main.obj : error LNK2001: nierozpoznany symbol zewnętrzny "public: void __cdecl Manager::eventManager(class sf::RenderWindow &)" (?eventManager@Manager@@QEAAXAEAVRenderWindow@sf@@@Z)
main.obj : error LNK2001: nierozpoznany symbol zewnętrzny "public: void __cdecl Manager::loadGraphics(void)" (?loadGraphics@Manager@@QEAAXXZ)
main.obj : error LNK2001: nierozpoznany symbol zewnętrzny "public: virtual void __cdecl Health_bar::show(class sf::RenderWindow &)" (?show@Health_bar@@UEAAXAEAVRenderWindow@sf@@@Z)
main.obj : error LNK2001: nierozpoznany symbol zewnętrzny "private: void __cdecl Health_bar::assignToPlayer(class Player *)" (?assignToPlayer@Health_bar@@AEAAXPEAVPlayer@@@Z)
main.obj : error LNK2001: nierozpoznany symbol zewnętrzny "public: virtual void __cdecl Player::show(class sf::RenderWindow &)" (?show@Player@@UEAAXAEAVRenderWindow@sf@@@Z)
main.obj : error LNK2001: nierozpoznany symbol zewnętrzny "public: void __cdecl Player::update(class sf::RenderWindow &)" (?update@Player@@QEAAXAEAVRenderWindow@sf@@@Z)
main.obj : error LNK2001: nierozpoznany symbol zewnętrzny "public: __cdecl Entity::Entity(int,int)" (??0Entity@@QEAA@HH@Z)
main.obj : error LNK2001: nierozpoznany symbol zewnętrzny "void __cdecl display_start_screen(class sf::RenderWindow &,class sf::Font)" (?display_start_screen@@YAXAEAVRenderWindow@sf@@VFont@2@@Z)
main.obj : error LNK2001: nierozpoznany symbol zewnętrzny "void __cdecl display_win_screen(class sf::RenderWindow &,class sf::Font)" (?display_win_screen@@YAXAEAVRenderWindow@sf@@VFont@2@@Z)
main.obj : error LNK2001: nierozpoznany symbol zewnętrzny __imp_glOrtho
C:\Users\max\source\repos\space_invaders\x64\Release\space_invaders.exe : fatal error LNK1120: liczba nierozpoznanych elementów zewnętrznych: 20
